<?xml version="1.0" encoding="UTF-8"?>
<!-- Generated by org.testng.reporters.JUnitReportReporter -->
<testsuite skipped="0" hostname="sharmara2" name="com.qa.ctg.tests.LoginPageTest" tests="2" failures="0" timestamp="29 Jan 2023 16:27:04 GMT" time="49.425" errors="0">
  <testcase name="verifyValidUserLogin2" time="25.795" classname="com.qa.ctg.tests.LoginPageTest"/>
  <testcase name="verifyValidUserLogin" time="23.630" classname="com.qa.ctg.tests.LoginPageTest"/>
</testsuite> <!-- com.qa.ctg.tests.LoginPageTest -->
