<?xml version="1.0" encoding="UTF-8"?>
<!-- Generated by org.testng.reporters.JUnitReportReporter -->
<testsuite skipped="0" hostname="sharmara2" name="com.qa.ctg.tests.QuestionnariePageTest" tests="1" failures="0" timestamp="29 Jan 2023 22:44:17 GMT" time="3.756" errors="0">
  <testcase name="selectRandomradioButtons" time="3.756" classname="com.qa.ctg.tests.QuestionnariePageTest"/>
</testsuite> <!-- com.qa.ctg.tests.QuestionnariePageTest -->
